2025-10-06T15:15:18.464+0800	info	/mnt/f/todolist/pkg/logUtil/Logger.go:92	Logger init success	{"application": "chat-room"}
2025-10-06T15:19:11.352+0800	info	/mnt/f/todolist/pkg/logUtil/Logger.go:92	Logger init success	{"application": "chat-room"}
2025-10-06T15:19:11.361+0800	info	/mnt/f/todolist/cmd/v1/main.go:20	配置文件、日志、数据库初始化完成	{"application": "chat-room"}
2025-10-06T15:19:59.847+0800	info	/mnt/f/todolist/pkg/logUtil/Logger.go:92	Logger init success	{"application": "chat-room"}
2025-10-06T15:19:59.863+0800	info	/mnt/f/todolist/cmd/v1/main.go:20	配置文件、日志、数据库初始化完成	{"application": "chat-room"}
2025-10-06T15:26:16.873+0800	info	/mnt/f/todolist/pkg/logUtil/Logger.go:92	Logger init success	{"application": "todolist"}
2025-10-06T15:26:16.968+0800	info	/mnt/f/todolist/cmd/v1/main.go:20	配置文件、日志、数据库初始化完成	{"application": "todolist"}
2025-10-06T22:51:34.909+0800	info	/mnt/f/todolist/pkg/logUtil/Logger.go:92	Logger init success	{"application": "todolist"}
2025-10-06T22:51:34.987+0800	info	/mnt/f/todolist/cmd/v1/main.go:37	配置文件、日志、数据库初始化完成	{"application": "todolist"}
2025-10-06T22:51:34.988+0800	info	/mnt/f/todolist/cmd/v1/main.go:81	服务启动于	{"application": "todolist", "port": "8848"}
2025-10-06T23:02:12.339+0800	info	/mnt/f/todolist/pkg/logUtil/Logger.go:92	Logger init success	{"application": "todolist"}
2025-10-06T23:02:12.370+0800	info	/mnt/f/todolist/cmd/v1/main.go:37	配置文件、日志、数据库初始化完成	{"application": "todolist"}
2025-10-06T23:02:12.371+0800	info	/mnt/f/todolist/cmd/v1/main.go:81	服务启动于	{"application": "todolist", "port": "8848"}
2025-10-07T15:10:16.957+0800	info	/mnt/f/todolist/pkg/logUtil/Logger.go:92	Logger init success	{"application": "todolist"}
2025-10-07T15:10:17.013+0800	info	/mnt/f/todolist/cmd/v1/main.go:37	配置文件、日志、数据库初始化完成	{"application": "todolist"}
2025-10-07T15:10:17.013+0800	info	/mnt/f/todolist/cmd/v1/main.go:81	服务启动于	{"application": "todolist", "port": "8848"}
2025-10-07T15:13:15.096+0800	info	/mnt/f/todolist/pkg/logUtil/Logger.go:92	Logger init success	{"application": "todolist"}
2025-10-07T15:13:15.138+0800	info	/mnt/f/todolist/cmd/v1/main.go:37	配置文件、日志、数据库初始化完成	{"application": "todolist"}
2025-10-07T15:13:15.139+0800	info	/mnt/f/todolist/cmd/v1/main.go:81	服务启动于	{"application": "todolist", "port": "8848"}
2025-10-07T15:13:18.680+0800	info	/mnt/f/todolist/internal/middleware/Auth.go:44	无效的Token: %v	{"application": "todolist", "error": "token signature is invalid: key is of invalid type: HMAC verify expects []byte"}
2025-10-07T15:15:50.323+0800	info	/mnt/f/todolist/pkg/logUtil/Logger.go:92	Logger init success	{"application": "todolist"}
2025-10-07T15:15:50.348+0800	info	/mnt/f/todolist/cmd/v1/main.go:37	配置文件、日志、数据库初始化完成	{"application": "todolist"}
2025-10-07T15:15:50.349+0800	info	/mnt/f/todolist/cmd/v1/main.go:81	服务启动于	{"application": "todolist", "port": "8848"}
2025-10-07T15:15:56.745+0800	info	/mnt/f/todolist/internal/middleware/Auth.go:44	无效的Token: %v	{"application": "todolist", "error": "token has invalid claims: token is expired"}
2025-10-07T15:17:32.116+0800	info	/mnt/f/todolist/internal/middleware/Auth.go:44	无效的Token: %v	{"application": "todolist", "error": "token has invalid claims: token is expired"}
2025-10-07T15:31:12.456+0800	info	/mnt/f/todolist/pkg/logUtil/Logger.go:92	Logger init success	{"application": "todolist"}
2025-10-07T15:31:12.485+0800	info	/mnt/f/todolist/cmd/v1/main.go:37	配置文件、日志、数据库初始化完成	{"application": "todolist"}
2025-10-07T15:31:12.486+0800	info	/mnt/f/todolist/cmd/v1/main.go:81	服务启动于	{"application": "todolist", "port": "8848"}
2025-10-07T15:36:54.707+0800	info	/mnt/f/todolist/pkg/logUtil/Logger.go:92	Logger init success	{"application": "todolist"}
2025-10-07T15:36:54.732+0800	info	/mnt/f/todolist/cmd/v1/main.go:37	配置文件、日志、数据库初始化完成	{"application": "todolist"}
2025-10-07T15:36:54.734+0800	info	/mnt/f/todolist/cmd/v1/main.go:81	服务启动于	{"application": "todolist", "port": "8848"}
2025-10-07T15:36:57.711+0800	info	/mnt/f/todolist/internal/middleware/Auth.go:49	用户已通过JWT认证, 用户ID: 1	{"application": "todolist"}
2025-10-07T15:39:09.490+0800	info	/mnt/f/todolist/pkg/logUtil/Logger.go:92	Logger init success	{"application": "todolist"}
2025-10-07T15:39:09.515+0800	info	/mnt/f/todolist/cmd/v1/main.go:37	配置文件、日志、数据库初始化完成	{"application": "todolist"}
2025-10-07T15:39:09.516+0800	info	/mnt/f/todolist/cmd/v1/main.go:81	服务启动于	{"application": "todolist", "port": "8848"}
2025-10-07T15:39:13.315+0800	info	/mnt/f/todolist/internal/middleware/Auth.go:49	用户已通过JWT认证, 用户ID: 1	{"application": "todolist"}
2025-10-07T15:54:16.471+0800	info	/mnt/f/todolist/pkg/logUtil/Logger.go:92	Logger init success	{"application": "todolist"}
2025-10-07T15:54:16.498+0800	info	/mnt/f/todolist/cmd/v1/main.go:37	配置文件、日志、数据库初始化完成	{"application": "todolist"}
2025-10-07T15:54:16.499+0800	info	/mnt/f/todolist/cmd/v1/main.go:81	服务启动于	{"application": "todolist", "port": "8848"}
2025-10-07T15:54:31.177+0800	info	/mnt/f/todolist/internal/middleware/Auth.go:49	用户已通过JWT认证, 用户ID: 1	{"application": "todolist"}
2025-10-07T15:55:52.058+0800	info	/mnt/f/todolist/pkg/logUtil/Logger.go:92	Logger init success	{"application": "todolist"}
2025-10-07T15:55:52.082+0800	info	/mnt/f/todolist/cmd/v1/main.go:37	配置文件、日志、数据库初始化完成	{"application": "todolist"}
2025-10-07T15:55:52.084+0800	info	/mnt/f/todolist/cmd/v1/main.go:81	服务启动于	{"application": "todolist", "port": "8848"}
2025-10-07T15:56:10.621+0800	info	/mnt/f/todolist/internal/middleware/Auth.go:49	用户已通过JWT认证, 用户ID: 1	{"application": "todolist"}
2025-10-07T15:57:01.765+0800	info	/mnt/f/todolist/internal/middleware/Auth.go:49	用户已通过JWT认证, 用户ID: 1	{"application": "todolist"}
2025-10-07T15:57:11.185+0800	info	/mnt/f/todolist/internal/middleware/Auth.go:49	用户已通过JWT认证, 用户ID: 1	{"application": "todolist"}
2025-10-07T15:57:47.918+0800	info	/mnt/f/todolist/internal/middleware/Auth.go:49	用户已通过JWT认证, 用户ID: 1	{"application": "todolist"}
2025-10-07T15:58:03.731+0800	info	/mnt/f/todolist/internal/middleware/Auth.go:49	用户已通过JWT认证, 用户ID: 1	{"application": "todolist"}
2025-10-07T15:58:13.863+0800	info	/mnt/f/todolist/internal/middleware/Auth.go:49	用户已通过JWT认证, 用户ID: 1	{"application": "todolist"}
2025-10-07T16:01:20.892+0800	info	/mnt/f/todolist/internal/middleware/Auth.go:49	用户已通过JWT认证, 用户ID: 1	{"application": "todolist"}
2025-10-07T16:03:26.518+0800	info	/mnt/f/todolist/pkg/logUtil/Logger.go:92	Logger init success	{"application": "todolist"}
2025-10-07T16:03:26.540+0800	info	/mnt/f/todolist/cmd/v1/main.go:37	配置文件、日志、数据库初始化完成	{"application": "todolist"}
2025-10-07T16:03:26.540+0800	info	/mnt/f/todolist/cmd/v1/main.go:81	服务启动于	{"application": "todolist", "port": "8848"}
2025-10-07T16:03:30.139+0800	info	/mnt/f/todolist/internal/middleware/Auth.go:49	用户已通过JWT认证, 用户ID: 1	{"application": "todolist"}
2025-10-07T16:03:58.649+0800	info	/mnt/f/todolist/internal/middleware/Auth.go:49	用户已通过JWT认证, 用户ID: 1	{"application": "todolist"}
2025-10-07T16:04:07.411+0800	info	/mnt/f/todolist/internal/middleware/Auth.go:49	用户已通过JWT认证, 用户ID: 1	{"application": "todolist"}
2025-10-07T16:04:18.361+0800	info	/mnt/f/todolist/internal/middleware/Auth.go:49	用户已通过JWT认证, 用户ID: 1	{"application": "todolist"}
2025-10-07T16:04:30.582+0800	info	/mnt/f/todolist/internal/middleware/Auth.go:49	用户已通过JWT认证, 用户ID: 1	{"application": "todolist"}
2025-10-07T16:08:52.653+0800	info	/mnt/f/todolist/internal/middleware/Auth.go:49	用户已通过JWT认证, 用户ID: 1	{"application": "todolist"}
2025-10-07T16:09:03.945+0800	info	/mnt/f/todolist/internal/middleware/Auth.go:49	用户已通过JWT认证, 用户ID: 1	{"application": "todolist"}
2025-10-07T16:09:07.750+0800	info	/mnt/f/todolist/internal/middleware/Auth.go:49	用户已通过JWT认证, 用户ID: 1	{"application": "todolist"}
2025-10-07T16:11:41.215+0800	info	/mnt/f/todolist/internal/middleware/Auth.go:49	用户已通过JWT认证, 用户ID: 1	{"application": "todolist"}
2025-10-07T16:12:49.672+0800	info	/mnt/f/todolist/internal/middleware/Auth.go:49	用户已通过JWT认证, 用户ID: 1	{"application": "todolist"}
2025-10-07T16:13:00.183+0800	info	/mnt/f/todolist/internal/middleware/Auth.go:49	用户已通过JWT认证, 用户ID: 1	{"application": "todolist"}
2025-10-07T16:13:08.302+0800	info	/mnt/f/todolist/internal/middleware/Auth.go:49	用户已通过JWT认证, 用户ID: 1	{"application": "todolist"}
2025-10-07T16:13:11.794+0800	info	/mnt/f/todolist/internal/middleware/Auth.go:49	用户已通过JWT认证, 用户ID: 1	{"application": "todolist"}
2025-10-07T16:13:23.651+0800	info	/mnt/f/todolist/internal/middleware/Auth.go:49	用户已通过JWT认证, 用户ID: 1	{"application": "todolist"}
2025-10-07T16:15:21.067+0800	info	/mnt/f/todolist/internal/middleware/Auth.go:49	用户已通过JWT认证, 用户ID: 1	{"application": "todolist"}
2025-11-09T23:20:30.815+0800	info	H:/task/Easy-ToDoList-main/pkg/logUtil/Logger.go:92	Logger init success	{"application": "todolist"}
2025-11-09T23:20:30.824+0800	error	H:/task/Easy-ToDoList-main/internal/database/Init.go:23	数据库连接失败	{"application": "todolist", "error": "Binary was compiled with 'CGO_ENABLED=0', go-sqlite3 requires cgo to work. This is a stub"}
2025-11-09T23:37:48.584+0800	info	H:/task/Easy-ToDoList-main/pkg/logUtil/Logger.go:92	Logger init success	{"application": "todolist"}
2025-11-09T23:37:48.595+0800	info	H:/task/Easy-ToDoList-main/cmd/v1/main.go:35	配置文件、日志、数据库初始化完成	{"application": "todolist"}
2025-11-09T23:37:48.596+0800	info	H:/task/Easy-ToDoList-main/cmd/v1/main.go:56	服务启动于	{"application": "todolist", "port": "8848"}
2025-11-10T11:38:18.192+0800	info	H:/task/Easy-ToDoList-main/pkg/logUtil/Logger.go:92	Logger init success	{"application": "todolist"}
2025-11-10T11:38:18.210+0800	info	H:/task/Easy-ToDoList-main/cmd/v1/main.go:35	配置文件、日志、数据库初始化完成	{"application": "todolist"}
2025-11-10T11:38:18.211+0800	info	H:/task/Easy-ToDoList-main/cmd/v1/main.go:56	服务启动于	{"application": "todolist", "port": "8848"}
2025-11-10T12:17:23.071+0800	info	H:/task/Easy-ToDoList-main/pkg/logUtil/Logger.go:92	Logger init success	{"application": "todolist"}
2025-11-10T12:17:23.079+0800	info	H:/task/Easy-ToDoList-main/cmd/v1/main.go:35	配置文件、日志、数据库初始化完成	{"application": "todolist"}
2025-11-10T12:17:23.080+0800	info	H:/task/Easy-ToDoList-main/cmd/v1/main.go:56	服务启动于	{"application": "todolist", "port": "8848"}
2025-11-10T12:17:23.081+0800	error	H:/task/Easy-ToDoList-main/cmd/v1/main.go:58	服务启动失败	{"application": "todolist"}
2025-11-10T12:17:50.311+0800	info	H:/task/Easy-ToDoList-main/pkg/logUtil/Logger.go:92	Logger init success	{"application": "todolist"}
2025-11-10T12:17:50.317+0800	info	H:/task/Easy-ToDoList-main/cmd/v1/main.go:35	配置文件、日志、数据库初始化完成	{"application": "todolist"}
2025-11-10T12:17:50.317+0800	info	H:/task/Easy-ToDoList-main/cmd/v1/main.go:56	服务启动于	{"application": "todolist", "port": "8848"}
2025-11-10T12:17:50.319+0800	error	H:/task/Easy-ToDoList-main/cmd/v1/main.go:58	服务启动失败	{"application": "todolist"}
2025-11-10T12:18:41.811+0800	info	H:/task/Easy-ToDoList-main/pkg/logUtil/Logger.go:92	Logger init success	{"application": "todolist"}
2025-11-10T12:18:41.818+0800	info	H:/task/Easy-ToDoList-main/cmd/v1/main.go:35	配置文件、日志、数据库初始化完成	{"application": "todolist"}
2025-11-10T12:18:41.819+0800	info	H:/task/Easy-ToDoList-main/cmd/v1/main.go:56	服务启动于	{"application": "todolist", "port": "8848"}
2025-11-10T17:52:46.381+0800	info	H:/task/Easy-ToDoList-main/pkg/logUtil/Logger.go:92	Logger init success	{"application": "todolist"}
2025-11-10T17:52:46.391+0800	info	H:/task/Easy-ToDoList-main/cmd/v1/main.go:35	配置文件、日志、数据库初始化完成	{"application": "todolist"}
2025-11-10T17:52:46.392+0800	info	H:/task/Easy-ToDoList-main/cmd/v1/main.go:56	服务启动于	{"application": "todolist", "port": "8848"}
2025-11-10T23:07:35.942+0800	info	H:/task/Easy-ToDoList-main/pkg/logUtil/Logger.go:92	Logger init success	{"application": "todolist"}
2025-11-10T23:07:35.952+0800	info	H:/task/Easy-ToDoList-main/cmd/v1/main.go:35	配置文件、日志、数据库初始化完成	{"application": "todolist"}
2025-11-10T23:07:35.952+0800	info	H:/task/Easy-ToDoList-main/cmd/v1/main.go:56	服务启动于	{"application": "todolist", "port": "8848"}
2025-11-10T23:33:18.493+0800	info	H:/task/Easy-ToDoList-main/pkg/logUtil/Logger.go:92	Logger init success	{"application": "todolist"}
2025-11-10T23:33:18.501+0800	info	H:/task/Easy-ToDoList-main/cmd/v1/main.go:35	配置文件、日志、数据库初始化完成	{"application": "todolist"}
2025-11-10T23:33:18.502+0800	info	H:/task/Easy-ToDoList-main/cmd/v1/main.go:56	服务启动于	{"application": "todolist", "port": "8848"}
2025-11-10T23:57:56.731+0800	info	H:/task/Easy-ToDoList-main/pkg/logUtil/Logger.go:92	Logger init success	{"application": "todolist"}
2025-11-10T23:57:56.739+0800	info	H:/task/Easy-ToDoList-main/cmd/v1/main.go:35	配置文件、日志、数据库初始化完成	{"application": "todolist"}
2025-11-10T23:57:56.740+0800	info	H:/task/Easy-ToDoList-main/cmd/v1/main.go:56	服务启动于	{"application": "todolist", "port": "8848"}
